

Processing ApplicationController#index (for 127.0.0.1 at 2011-08-17 08:26:09) [GET]


NameError (wrong constant name Home#indexController):
    /vendor/rails/activesupport/lib/active_support/inflector.rb:352:in `const_defined?'
    /vendor/rails/activesupport/lib/active_support/inflector.rb:352:in `constantize'
    /vendor/rails/activesupport/lib/active_support/inflector.rb:351:in `each'
    /vendor/rails/activesupport/lib/active_support/inflector.rb:351:in `constantize'
    /vendor/rails/activesupport/lib/active_support/core_ext/string/inflections.rb:162:in `constantize'
    /vendor/rails/actionpack/lib/action_controller/routing/route_set.rb:392:in `recognize'
    /vendor/rails/actionpack/lib/action_controller/dispatcher.rb:183:in `handle_request'
    /vendor/rails/actionpack/lib/action_controller/dispatcher.rb:112:in `dispatch_unlocked'
    /vendor/rails/actionpack/lib/action_controller/dispatcher.rb:125:in `dispatch'
    /vendor/rails/actionpack/lib/action_controller/dispatcher.rb:124:in `synchronize'
    /vendor/rails/actionpack/lib/action_controller/dispatcher.rb:124:in `dispatch'
    /vendor/rails/actionpack/lib/action_controller/dispatcher.rb:134:in `dispatch_cgi'
    /vendor/rails/actionpack/lib/action_controller/dispatcher.rb:41:in `dispatch'
    /vendor/rails/railties/lib/webrick_server.rb:103:in `handle_dispatch'
    /vendor/rails/railties/lib/webrick_server.rb:74:in `service'
    /usr/lib/ruby/1.8/webrick/httpserver.rb:104:in `service'
    /usr/lib/ruby/1.8/webrick/httpserver.rb:65:in `run'
    /usr/lib/ruby/1.8/webrick/server.rb:173:in `start_thread'
    /usr/lib/ruby/1.8/webrick/server.rb:162:in `start'
    /usr/lib/ruby/1.8/webrick/server.rb:162:in `start_thread'
    /usr/lib/ruby/1.8/webrick/server.rb:95:in `start'
    /usr/lib/ruby/1.8/webrick/server.rb:92:in `each'
    /usr/lib/ruby/1.8/webrick/server.rb:92:in `start'
    /usr/lib/ruby/1.8/webrick/server.rb:23:in `start'
    /usr/lib/ruby/1.8/webrick/server.rb:82:in `start'
    /vendor/rails/railties/lib/webrick_server.rb:60:in `dispatch'
    /vendor/rails/railties/lib/commands/servers/webrick.rb:66
    /usr/lib/ruby/1.8/rubygems/custom_require.rb:31:in `gem_original_require'
    /usr/lib/ruby/1.8/rubygems/custom_require.rb:31:in `require'
    /vendor/rails/activesupport/lib/active_support/dependencies.rb:153:in `require'
    /vendor/rails/activesupport/lib/active_support/dependencies.rb:521:in `new_constants_in'
    /vendor/rails/activesupport/lib/active_support/dependencies.rb:153:in `require'
    /vendor/rails/railties/lib/commands/server.rb:49
    /usr/lib/ruby/1.8/rubygems/custom_require.rb:31:in `gem_original_require'
    /usr/lib/ruby/1.8/rubygems/custom_require.rb:31:in `require'
    ./script/server:3

Rendered /home/oren/workspace/new/vendor/rails/actionpack/lib/action_controller/templates/rescues/_trace (18.9ms)
Rendered /home/oren/workspace/new/vendor/rails/actionpack/lib/action_controller/templates/rescues/_request_and_response (1.3ms)
Rendering /home/oren/workspace/new/vendor/rails/actionpack/lib/action_controller/templates/rescues/layout.erb (internal_server_error)


Processing ApplicationController#index (for 127.0.0.1 at 2011-08-17 08:30:56) [GET]


NameError (wrong constant name Home#indexController):
    /vendor/rails/activesupport/lib/active_support/inflector.rb:352:in `const_defined?'
    /vendor/rails/activesupport/lib/active_support/inflector.rb:352:in `constantize'
    /vendor/rails/activesupport/lib/active_support/inflector.rb:351:in `each'
    /vendor/rails/activesupport/lib/active_support/inflector.rb:351:in `constantize'
    /vendor/rails/activesupport/lib/active_support/core_ext/string/inflections.rb:162:in `constantize'
    /vendor/rails/actionpack/lib/action_controller/routing/route_set.rb:392:in `recognize'
    /vendor/rails/actionpack/lib/action_controller/dispatcher.rb:183:in `handle_request'
    /vendor/rails/actionpack/lib/action_controller/dispatcher.rb:112:in `dispatch_unlocked'
    /vendor/rails/actionpack/lib/action_controller/dispatcher.rb:125:in `dispatch'
    /vendor/rails/actionpack/lib/action_controller/dispatcher.rb:124:in `synchronize'
    /vendor/rails/actionpack/lib/action_controller/dispatcher.rb:124:in `dispatch'
    /vendor/rails/actionpack/lib/action_controller/dispatcher.rb:134:in `dispatch_cgi'
    /vendor/rails/actionpack/lib/action_controller/dispatcher.rb:41:in `dispatch'
    /vendor/rails/railties/lib/webrick_server.rb:103:in `handle_dispatch'
    /vendor/rails/railties/lib/webrick_server.rb:74:in `service'
    /usr/lib/ruby/1.8/webrick/httpserver.rb:104:in `service'
    /usr/lib/ruby/1.8/webrick/httpserver.rb:65:in `run'
    /usr/lib/ruby/1.8/webrick/server.rb:173:in `start_thread'
    /usr/lib/ruby/1.8/webrick/server.rb:162:in `start'
    /usr/lib/ruby/1.8/webrick/server.rb:162:in `start_thread'
    /usr/lib/ruby/1.8/webrick/server.rb:95:in `start'
    /usr/lib/ruby/1.8/webrick/server.rb:92:in `each'
    /usr/lib/ruby/1.8/webrick/server.rb:92:in `start'
    /usr/lib/ruby/1.8/webrick/server.rb:23:in `start'
    /usr/lib/ruby/1.8/webrick/server.rb:82:in `start'
    /vendor/rails/railties/lib/webrick_server.rb:60:in `dispatch'
    /vendor/rails/railties/lib/commands/servers/webrick.rb:66
    /usr/lib/ruby/1.8/rubygems/custom_require.rb:31:in `gem_original_require'
    /usr/lib/ruby/1.8/rubygems/custom_require.rb:31:in `require'
    /vendor/rails/activesupport/lib/active_support/dependencies.rb:153:in `require'
    /vendor/rails/activesupport/lib/active_support/dependencies.rb:521:in `new_constants_in'
    /vendor/rails/activesupport/lib/active_support/dependencies.rb:153:in `require'
    /vendor/rails/railties/lib/commands/server.rb:49
    /usr/lib/ruby/1.8/rubygems/custom_require.rb:31:in `gem_original_require'
    /usr/lib/ruby/1.8/rubygems/custom_require.rb:31:in `require'
    ./script/server:3

Rendered /home/oren/workspace/new/vendor/rails/actionpack/lib/action_controller/templates/rescues/_trace (19.5ms)
Rendered /home/oren/workspace/new/vendor/rails/actionpack/lib/action_controller/templates/rescues/_request_and_response (0.8ms)
Rendering /home/oren/workspace/new/vendor/rails/actionpack/lib/action_controller/templates/rescues/layout.erb (internal_server_error)


Processing HomeController#index (for 127.0.0.1 at 2011-08-17 08:31:26) [GET]
Rendering home/index
Completed in 5ms (View: 2, DB: 0) | 200 OK [http://new.localhost/home]


Processing HomeController#index (for 127.0.0.1 at 2011-08-17 08:31:42) [GET]
Rendering home/index
Completed in 6ms (View: 2, DB: 0) | 200 OK [http://new.localhost/]
  [4;36;1mSQL (0.4ms)[0m   [0;1m SELECT name
 FROM sqlite_master
 WHERE type = 'table' AND NOT name = 'sqlite_sequence'
[0m
  [4;35;1mSQL (11.1ms)[0m   [0mselect sqlite_version(*)[0m
  [4;36;1mSQL (125.9ms)[0m   [0;1mCREATE TABLE "schema_migrations" ("version" varchar(255) NOT NULL) [0m
  [4;35;1mSQL (110.0ms)[0m   [0mCREATE UNIQUE INDEX "unique_schema_migrations" ON "schema_migrations" ("version")[0m
  [4;36;1mSQL (0.5ms)[0m   [0;1m SELECT name
 FROM sqlite_master
 WHERE type = 'table' AND NOT name = 'sqlite_sequence'
[0m
  [4;35;1mSQL (0.3ms)[0m   [0mSELECT version FROM schema_migrations[0m
Migrating to CreateProducts (20110817124100)
  [4;36;1mSQL (161.1ms)[0m   [0;1mCREATE TABLE "products" ("id" INTEGER PRIMARY KEY AUTOINCREMENT NOT NULL, "name" varchar(255), "title" varchar(255), "image" varchar(255), "description" text, "created_at" datetime, "updated_at" datetime) [0m
  [4;35;1mSQL (117.0ms)[0m   [0mINSERT INTO schema_migrations (version) VALUES ('20110817124100')[0m
Migrating to CreateReviews (20110817124550)
  [4;36;1mSQL (125.8ms)[0m   [0;1mCREATE TABLE "reviews" ("id" INTEGER PRIMARY KEY AUTOINCREMENT NOT NULL, "name" varchar(255), "title" varchar(255), "content" text, "created_at" datetime, "updated_at" datetime) [0m
  [4;35;1mSQL (121.1ms)[0m   [0mINSERT INTO schema_migrations (version) VALUES ('20110817124550')[0m
  [4;36;1mSQL (0.8ms)[0m   [0;1m SELECT name
 FROM sqlite_master
 WHERE type = 'table' AND NOT name = 'sqlite_sequence'
[0m
  [4;35;1mSQL (0.5ms)[0m   [0mSELECT version FROM schema_migrations[0m
  [4;36;1mSQL (0.6ms)[0m   [0;1m SELECT name
 FROM sqlite_master
 WHERE type = 'table' AND NOT name = 'sqlite_sequence'
[0m
  [4;35;1mSQL (0.1ms)[0m   [0mPRAGMA index_list("products")[0m
  [4;36;1mSQL (0.1ms)[0m   [0;1mPRAGMA index_list("reviews")[0m


Processing HomeController#index (for 127.0.0.1 at 2011-08-17 09:09:51) [GET]
Rendering home/index
Completed in 5ms (View: 2, DB: 0) | 200 OK [http://new.localhost/]


Processing ProductsController#index (for 127.0.0.1 at 2011-08-17 09:09:53) [GET]
  [4;36;1mProduct Load (0.6ms)[0m   [0;1mSELECT * FROM "products" [0m
Rendering template within layouts/products
Rendering products/index
Completed in 79ms (View: 5, DB: 1) | 200 OK [http://new.localhost/products]
  [4;36;1mProduct Create (0.9ms)[0m   [0;1mINSERT INTO "products" ("name", "created_at", "title", "updated_at", "description", "image") VALUES('Coffee Mug', '2011-08-17 13:16:59', NULL, '2011-08-17 13:16:59', 'A great way to drink coffee', NULL)[0m


Processing ProductsController#index (for 127.0.0.1 at 2011-08-17 09:17:15) [GET]
  [4;35;1mProduct Load (0.7ms)[0m   [0mSELECT * FROM "products" [0m
Rendering template within layouts/products
Rendering products/index
Completed in 21ms (View: 13, DB: 1) | 200 OK [http://new.localhost/products]
  [4;36;1mSQL (0.7ms)[0m   [0;1m SELECT name
 FROM sqlite_master
 WHERE type = 'table' AND NOT name = 'sqlite_sequence'
[0m
  [4;35;1mSQL (0.3ms)[0m   [0mSELECT version FROM schema_migrations[0m
Migrating to CreateProducts (20110817124100)
Migrating to CreateReviews (20110817124550)
  [4;36;1mSQL (0.3ms)[0m   [0;1mselect sqlite_version(*)[0m
  [4;35;1mSQL (0.4ms)[0m   [0m SELECT name
 FROM sqlite_master
 WHERE type = 'table' AND NOT name = 'sqlite_sequence'
[0m
  [4;36;1mSQL (0.3ms)[0m   [0;1mSELECT version FROM schema_migrations[0m
  [4;35;1mSQL (0.4ms)[0m   [0m SELECT name
 FROM sqlite_master
 WHERE type = 'table' AND NOT name = 'sqlite_sequence'
[0m
  [4;36;1mSQL (0.2ms)[0m   [0;1mPRAGMA index_list("products")[0m
  [4;35;1mSQL (0.1ms)[0m   [0mPRAGMA index_list("reviews")[0m


Processing HomeController#index (for 127.0.0.1 at 2011-08-17 09:28:46) [GET]
Rendering home/index
Completed in 5ms (View: 2, DB: 0) | 200 OK [http://new.localhost/]
